[    0.000000] Initializing cgroup subsys cpuset
[    0.000000] Initializing cgroup subsys cpu
[    0.000000] Initializing cgroup subsys cpuacct
[    0.000000] Linux version 4.4.0-78-generic (buildd@lgw01-11) (gcc version 5.4.0 20160609 (Ubuntu 5.4.0-6ubuntu1~16.04.4) ) #99-Ubuntu SMP Thu Apr 27 15:29:09 UTC 2017 (Ubuntu 4.4.0-78.99-generic 4.4.62)
[    0.000000] Command line: BOOT_IMAGE=/boot/vmlinuz-4.4.0-78-generic root=LABEL=cloudimg-rootfs ro console=tty1 console=ttyS0
[    0.000000] KERNEL supported cpus:
[    0.000000]   Intel GenuineIntel
[    0.000000]   AMD AuthenticAMD
[    0.000000]   Centaur CentaurHauls
[    0.000000] ------------[ cut here ]------------
[    0.000000] WARNING: CPU: 0 PID: 0 at /build/linux-0XAgc4/linux-4.4.0/arch/x86/kernel/fpu/xstate.c:517 fpu__init_system_xstate+0x38b/0x75a()
[    0.000000] XSAVE consistency problem, dumping leaves
[    0.000000] Modules linked in:
[    0.000000] CPU: 0 PID: 0 Comm: swapper Not tainted 4.4.0-78-generic #99-Ubuntu
[    0.000000]  0000000000000086 7a7984d58b80d353 ffffffff81e03d80 ffffffff813f8dd3
[    0.000000]  ffffffff81e03dc8 ffffffff81ca9c50 ffffffff81e03db8 ffffffff81081302
[    0.000000]  ffffffff81e03e48 ffffffff81e03e4c 0000000000000008 0000000000000100
[    0.000000] Call Trace:
[    0.000000]  [<ffffffff813f8dd3>] dump_stack+0x63/0x90
[    0.000000]  [<ffffffff81081302>] warn_slowpath_common+0x82/0xc0
[    0.000000]  [<ffffffff8108139c>] warn_slowpath_fmt+0x5c/0x80
[    0.000000]  [<ffffffff8107cfd0>] ? xfeature_size+0x59/0x77
[    0.000000]  [<ffffffff81f6d218>] fpu__init_system_xstate+0x38b/0x75a
[    0.000000]  [<ffffffff81f5d120>] ? early_idt_handler_array+0x120/0x120
[    0.000000]  [<ffffffff81f6cb83>] fpu__init_system+0x10d/0x245
[    0.000000]  [<ffffffff81f6dc8c>] early_cpu_init+0x139/0x13e
[    0.000000]  [<ffffffff81f6dc8c>] ? early_cpu_init+0x139/0x13e
[    0.000000]  [<ffffffff81f69193>] setup_arch+0xb4/0xcf1
[    0.000000]  [<ffffffff81f5d120>] ? early_idt_handler_array+0x120/0x120
[    0.000000]  [<ffffffff81f5dc74>] start_kernel+0xe4/0x4a2
[    0.000000]  [<ffffffff81f5d120>] ? early_idt_handler_array+0x120/0x120
[    0.000000]  [<ffffffff81f5d339>] x86_64_start_reservations+0x2a/0x2c
[    0.000000]  [<ffffffff81f5d485>] x86_64_start_kernel+0x14a/0x16d
[    0.000000] ---[ end trace 4d5ff9f2f68c4233 ]---
[    0.000000] CPUID[0d, 00]: eax=00000007 ebx=00000440 ecx=00000440 edx=00000000
[    0.000000] CPUID[0d, 01]: eax=00000000 ebx=000003c0 ecx=00000000 edx=00000000
[    0.000000] CPUID[0d, 02]: eax=00000100 ebx=00000240 ecx=00000000 edx=00000000
[    0.000000] CPUID[0d, 03]: eax=00000000 ebx=00000000 ecx=00000000 edx=00000000
[    0.000000] CPUID[0d, 04]: eax=00000000 ebx=00000000 ecx=00000000 edx=00000000
[    0.000000] CPUID[0d, 05]: eax=00000000 ebx=00000000 ecx=00000000 edx=00000000
[    0.000000] CPUID[0d, 06]: eax=00000000 ebx=00000000 ecx=00000000 edx=00000000
[    0.000000] CPUID[0d, 07]: eax=00000000 ebx=00000000 ecx=00000000 edx=00000000
[    0.000000] CPUID[0d, 08]: eax=00000000 ebx=00000000 ecx=00000000 edx=00000000
[    0.000000] CPUID[0d, 09]: eax=00000000 ebx=00000000 ecx=00000000 edx=00000000
[    0.000000] CPUID[0d, 0a]: eax=00000000 ebx=00000000 ecx=00000000 edx=00000000
[    0.000000] CPUID[0d, 0b]: eax=00000000 ebx=00000000 ecx=00000000 edx=00000000
[    0.000000] CPUID[0d, 0c]: eax=00000000 ebx=00000000 ecx=00000000 edx=00000000
[    0.000000] CPUID[0d, 0d]: eax=00000000 ebx=00000000 ecx=00000000 edx=00000000
[    0.000000] CPUID[0d, 0e]: eax=00000000 ebx=00000000 ecx=00000000 edx=00000000
[    0.000000] CPUID[0d, 0f]: eax=00000000 ebx=00000000 ecx=00000000 edx=00000000
[    0.000000] CPUID[0d, 10]: eax=00000000 ebx=00000000 ecx=00000000 edx=00000000
[    0.000000] CPUID[0d, 11]: eax=00000000 ebx=00000000 ecx=00000000 edx=00000000
[    0.000000] x86/fpu: xstate_offset[2]:  576, xstate_sizes[2]:  256
[    0.000000] x86/fpu: Supporting XSAVE feature 0x01: 'x87 floating point registers'
[    0.000000] x86/fpu: Supporting XSAVE feature 0x02: 'SSE registers'
[    0.000000] x86/fpu: Supporting XSAVE feature 0x04: 'AVX registers'
[    0.000000] x86/fpu: Enabled xstate features 0x7, context size is 1088 bytes, using 'standard' format.
[    0.000000] x86/fpu: Using 'lazy' FPU context switches.
[    0.000000] e820: BIOS-provided physical RAM map:
[    0.000000] BIOS-e820: [mem 0x0000000000000000-0x000000000009fbff] usable
[    0.000000] BIOS-e820: [mem 0x000000000009fc00-0x000000000009ffff] reserved
[    0.000000] BIOS-e820: [mem 0x00000000000f0000-0x00000000000fffff] reserved
[    0.000000] BIOS-e820: [mem 0x0000000000100000-0x00000000dffeffff] usable
[    0.000000] BIOS-e820: [mem 0x00000000dfff0000-0x00000000dfffffff] ACPI data
[    0.000000] BIOS-e820: [mem 0x00000000fec00000-0x00000000fec00fff] reserved
[    0.000000] BIOS-e820: [mem 0x00000000fee00000-0x00000000fee00fff] reserved
[    0.000000] BIOS-e820: [mem 0x00000000fffc0000-0x00000000ffffffff] reserved
[    0.000000] BIOS-e820: [mem 0x0000000100000000-0x000000011fffffff] usable
[    0.000000] NX (Execute Disable) protection: active
[    0.000000] SMBIOS 2.5 present.
[    0.000000] Hypervisor detected: KVM
[    0.000000] e820: last_pfn = 0x120000 max_arch_pfn = 0x400000000
[    0.000000] MTRR: Disabled
[    0.000000] x86/PAT: MTRRs disabled, skipping PAT initialization too.
[    0.000000] x86/PAT: Configuration [0-7]: WB  WT  UC- UC  WB  WT  UC- UC  
[    0.000000] CPU MTRRs all blank - virtualized system.
[    0.000000] e820: last_pfn = 0xdfff0 max_arch_pfn = 0x400000000
[    0.000000] found SMP MP-table at [mem 0x0009fff0-0x0009ffff] mapped at [ffff88000009fff0]
[    0.000000] Scanning 1 areas for low memory corruption
[    0.000000] RAMDISK: [mem 0x36af2000-0x37570fff]
[    0.000000] ACPI: Early table checksum verification disabled
[    0.000000] ACPI: RSDP 0x00000000000E0000 000024 (v02 VBOX  )
[    0.000000] ACPI: XSDT 0x00000000DFFF0030 00003C (v01 VBOX   VBOXXSDT 00000001 ASL  00000061)
[    0.000000] ACPI: FACP 0x00000000DFFF00F0 0000F4 (v04 VBOX   VBOXFACP 00000001 ASL  00000061)
[    0.000000] ACPI: DSDT 0x00000000DFFF0470 0021C8 (v02 VBOX   VBOXBIOS 00000002 INTL 20100528)
[    0.000000] ACPI: FACS 0x00000000DFFF0200 000040
[    0.000000] ACPI: FACS 0x00000000DFFF0200 000040
[    0.000000] ACPI: APIC 0x00000000DFFF0240 00005C (v02 VBOX   VBOXAPIC 00000001 ASL  00000061)
[    0.000000] ACPI: SSDT 0x00000000DFFF02A0 0001CC (v01 VBOX   VBOXCPUT 00000002 INTL 20100528)
[    0.000000] No NUMA configuration found
[    0.000000] Faking a node at [mem 0x0000000000000000-0x000000011fffffff]
[    0.000000] NODE_DATA(0) allocated [mem 0x11fff7000-0x11fffbfff]
[    0.000000] kvm-clock: Using msrs 4b564d01 and 4b564d00
[    0.000000] kvm-clock: cpu 0, msr 1:1ffef001, primary cpu clock
[    0.000000] kvm-clock: using sched offset of 3293303259 cycles
[    0.000000] clocksource: kvm-clock: mask: 0xffffffffffffffff max_cycles: 0x1cd42e4dffb, max_idle_ns: 881590591483 ns
[    0.000000] Zone ranges:
[    0.000000]   DMA      [mem 0x0000000000001000-0x0000000000ffffff]
[    0.000000]   DMA32    [mem 0x0000000001000000-0x00000000ffffffff]
[    0.000000]   Normal   [mem 0x0000000100000000-0x000000011fffffff]
[    0.000000]   Device   empty
[    0.000000] Movable zone start for each node
[    0.000000] Early memory node ranges
[    0.000000]   node   0: [mem 0x0000000000001000-0x000000000009efff]
[    0.000000]   node   0: [mem 0x0000000000100000-0x00000000dffeffff]
[    0.000000]   node   0: [mem 0x0000000100000000-0x000000011fffffff]
[    0.000000] Initmem setup node 0 [mem 0x0000000000001000-0x000000011fffffff]
[    0.000000] ACPI: PM-Timer IO Port: 0x4008
[    0.000000] IOAPIC[0]: apic_id 2, version 32, address 0xfec00000, GSI 0-23
[    0.000000] ACPI: INT_SRC_OVR (bus 0 bus_irq 0 global_irq 2 dfl dfl)
[    0.000000] ACPI: INT_SRC_OVR (bus 0 bus_irq 9 global_irq 9 high level)
[    0.000000] Using ACPI (MADT) for SMP configuration information
[    0.000000] smpboot: Allowing 2 CPUs, 0 hotplug CPUs
[    0.000000] PM: Registered nosave memory: [mem 0x00000000-0x00000fff]
[    0.000000] PM: Registered nosave memory: [mem 0x0009f000-0x0009ffff]
[    0.000000] PM: Registered nosave memory: [mem 0x000a0000-0x000effff]
[    0.000000] PM: Registered nosave memory: [mem 0x000f0000-0x000fffff]
[    0.000000] PM: Registered nosave memory: [mem 0xdfff0000-0xdfffffff]
[    0.000000] PM: Registered nosave memory: [mem 0xe0000000-0xfebfffff]
[    0.000000] PM: Registered nosave memory: [mem 0xfec00000-0xfec00fff]
[    0.000000] PM: Registered nosave memory: [mem 0xfec01000-0xfedfffff]
[    0.000000] PM: Registered nosave memory: [mem 0xfee00000-0xfee00fff]
[    0.000000] PM: Registered nosave memory: [mem 0xfee01000-0xfffbffff]
[    0.000000] PM: Registered nosave memory: [mem 0xfffc0000-0xffffffff]
[    0.000000] e820: [mem 0xe0000000-0xfebfffff] available for PCI devices
[    0.000000] Booting paravirtualized kernel on KVM
[    0.000000] clocksource: refined-jiffies: mask: 0xffffffff max_cycles: 0xffffffff, max_idle_ns: 7645519600211568 ns
[    0.000000] setup_percpu: NR_CPUS:512 nr_cpumask_bits:512 nr_cpu_ids:2 nr_node_ids:1
[    0.000000] PERCPU: Embedded 33 pages/cpu @ffff88011fc00000 s98264 r8192 d28712 u1048576
[    0.000000] PV qspinlock hash table entries: 256 (order: 0, 4096 bytes)
[    0.000000] Built 1 zonelists in Node order, mobility grouping on.  Total pages: 1032057
[    0.000000] Policy zone: Normal
[    0.000000] Kernel command line: BOOT_IMAGE=/boot/vmlinuz-4.4.0-78-generic root=LABEL=cloudimg-rootfs ro console=tty1 console=ttyS0
[    0.000000] PID hash table entries: 4096 (order: 3, 32768 bytes)
[    0.000000] Memory: 4032344K/4193848K available (8469K kernel code, 1294K rwdata, 3984K rodata, 1484K init, 1316K bss, 161504K reserved, 0K cma-reserved)
[    0.000000] SLUB: HWalign=64, Order=0-3, MinObjects=0, CPUs=2, Nodes=1
[    0.000000] Hierarchical RCU implementation.
[    0.000000] 	Build-time adjustment of leaf fanout to 64.
[    0.000000] 	RCU restricting CPUs from NR_CPUS=512 to nr_cpu_ids=2.
[    0.000000] RCU: Adjusting geometry for rcu_fanout_leaf=64, nr_cpu_ids=2
[    0.000000] NR_IRQS:33024 nr_irqs:440 16
[    0.000000] Console: colour VGA+ 80x25
[    0.000000] console [tty1] enabled
[    0.000000] console [ttyS0] enabled
[    0.000000] tsc: Detected 3503.996 MHz processor
[    1.404141] Calibrating delay loop (skipped) preset value.. 7007.99 BogoMIPS (lpj=14015984)
[    1.431545] pid_max: default: 32768 minimum: 301
[    1.432548] ACPI: Core revision 20150930
[    1.433952] ACPI: 2 ACPI AML tables successfully acquired and loaded
[    1.440822] Security Framework initialized
[    1.456019] Yama: becoming mindful.
[    1.457246] AppArmor: AppArmor initialized
[    1.460732] Dentry cache hash table entries: 524288 (order: 10, 4194304 bytes)
[    1.472926] Inode-cache hash table entries: 262144 (order: 9, 2097152 bytes)
[    1.482021] Mount-cache hash table entries: 8192 (order: 4, 65536 bytes)
[    1.493450] Mountpoint-cache hash table entries: 8192 (order: 4, 65536 bytes)
[    1.494426] Initializing cgroup subsys io
[    1.494983] Initializing cgroup subsys memory
[    1.495565] Initializing cgroup subsys devices
[    1.496158] Initializing cgroup subsys freezer
[    1.496751] Initializing cgroup subsys net_cls
[    1.504562] Initializing cgroup subsys perf_event
[    1.514950] Initializing cgroup subsys net_prio
[    1.515728] Initializing cgroup subsys hugetlb
[    1.516352] Initializing cgroup subsys pids
[    1.517092] CPU: Physical Processor ID: 0
[    1.518918] CPU: Processor Core ID: 0
[    1.520326] mce: CPU supports 0 MCE banks
[    1.543008] Last level iTLB entries: 4KB 128, 2MB 8, 4MB 8
[    1.547013] Last level dTLB entries: 4KB 64, 2MB 0, 4MB 0, 1GB 4
[    1.549457] Freeing SMP alternatives memory: 32K (ffffffff820b8000 - ffffffff820c0000)
[    1.566167] ftrace: allocating 32120 entries in 126 pages
[    1.600710] smpboot: APIC(0) Converting physical 0 to logical package 0
[    1.601716] smpboot: Max logical packages: 1
[    1.603994] x2apic enabled
[    1.604810] Switched APIC routing to physical x2apic.
[    1.609704] ..TIMER: vector=0x30 apic1=0 pin1=2 apic2=-1 pin2=-1
[    1.718459] smpboot: CPU0: Intel(R) Core(TM) i5-6600K CPU @ 3.50GHz (family: 0x6, model: 0x5e, stepping: 0x3)
[    1.730271] Performance Events: unsupported p6 CPU model 94 no PMU driver, software events only.
[    1.731892] KVM setup paravirtual spinlock
[    1.735432] x86: Booting SMP configuration:
[    1.747529] .... node  #0, CPUs:      #1
[    1.749403] kvm-clock: cpu 1, msr 1:1ffef041, secondary cpu clock
[    1.774585] mce: CPU supports 0 MCE banks
[    1.792580] x86: Booted up 1 node, 2 CPUs
[    1.813055] smpboot: Total of 2 processors activated (14015.98 BogoMIPS)
[    1.815969] devtmpfs: initialized
[    1.837631] evm: security.selinux
[    1.844170] evm: security.SMACK64
[    1.845716] evm: security.SMACK64EXEC
[    1.862555] evm: security.SMACK64TRANSMUTE
[    1.864220] evm: security.SMACK64MMAP
[    1.873375] evm: security.ima
[    1.878304] evm: security.capability
[    1.887394] clocksource: jiffies: mask: 0xffffffff max_cycles: 0xffffffff, max_idle_ns: 7645041785100000 ns
[    1.889757] futex hash table entries: 512 (order: 3, 32768 bytes)
[    1.890616] pinctrl core: initialized pinctrl subsystem
[    1.892569] RTC time: 20:50:05, date: 06/08/17
[    1.894765] NET: Registered protocol family 16
[    1.906901] cpuidle: using governor ladder
[    1.926942] cpuidle: using governor menu
[    1.961386] PCCT header not found.
[    1.961945] ACPI: bus type PCI registered
[    1.962528] acpiphp: ACPI Hot Plug PCI Controller Driver version: 0.5
[    1.963362] PCI: Using configuration type 1 for base access
[    1.978982] ACPI: Added _OSI(Module Device)
[    1.994403] ACPI: Added _OSI(Processor Device)
[    2.004144] ACPI: Added _OSI(3.0 _SCP Extensions)
[    2.004766] ACPI: Added _OSI(Processor Aggregator Device)
[    2.011522] ACPI: Executed 1 blocks of module-level executable AML code
[    2.043783] ACPI: Interpreter enabled
[    2.047409] ACPI: (supports S0 S5)
[    2.053077] ACPI: Using IOAPIC for interrupt routing
[    2.058999] PCI: Using host bridge windows from ACPI; if necessary, use "pci=nocrs" and report a bug
[    2.104270] ACPI: PCI Root Bridge [PCI0] (domain 0000 [bus 00-ff])
[    2.119793] acpi PNP0A03:00: _OSC: OS supports [ASPM ClockPM Segments MSI]
[    2.139734] acpi PNP0A03:00: _OSC failed (AE_NOT_FOUND); disabling ASPM
[    2.141761] acpi PNP0A03:00: fail to add MMCONFIG information, can't access extended PCI configuration space under this bridge.
[    2.144852] PCI host bridge to bus 0000:00
[    2.146452] pci_bus 0000:00: root bus resource [io  0x0000-0x0cf7 window]
[    2.147263] pci_bus 0000:00: root bus resource [io  0x0d00-0xffff window]
[    2.164069] pci_bus 0000:00: root bus resource [mem 0x000a0000-0x000bffff window]
[    2.169392] pci_bus 0000:00: root bus resource [mem 0xe0000000-0xffdfffff window]
[    2.171788] pci_bus 0000:00: root bus resource [bus 00-ff]
[    2.201702] pci 0000:00:01.1: legacy IDE quirk: reg 0x10: [io  0x01f0-0x01f7]
[    2.202525] pci 0000:00:01.1: legacy IDE quirk: reg 0x14: [io  0x03f6]
[    2.214297] pci 0000:00:01.1: legacy IDE quirk: reg 0x18: [io  0x0170-0x0177]
[    2.255202] pci 0000:00:01.1: legacy IDE quirk: reg 0x1c: [io  0x0376]
[    2.300005] pci 0000:00:07.0: quirk: [io  0x4000-0x403f] claimed by PIIX4 ACPI
[    2.307901] pci 0000:00:07.0: quirk: [io  0x4100-0x410f] claimed by PIIX4 SMB
[    2.320054] ACPI: PCI Interrupt Link [LNKA] (IRQs 5 9 10 *11)
[    2.337468] ACPI: PCI Interrupt Link [LNKB] (IRQs 5 9 10 *11)
[    2.357572] ACPI: PCI Interrupt Link [LNKC] (IRQs 5 9 *10 11)
[    2.367128] ACPI: PCI Interrupt Link [LNKD] (IRQs 5 *9 10 11)
[    2.390105] ACPI: Enabled 2 GPEs in block 00 to 07
[    2.391055] vgaarb: setting as boot device: PCI:0000:00:02.0
[    2.404028] vgaarb: device added: PCI:0000:00:02.0,decodes=io+mem,owns=io+mem,locks=none
[    2.429674] vgaarb: loaded
[    2.430105] vgaarb: bridge control possible 0000:00:02.0
[    2.430971] SCSI subsystem initialized
[    2.431585] ACPI: bus type USB registered
[    2.446760] usbcore: registered new interface driver usbfs
[    2.459484] usbcore: registered new interface driver hub
[    2.460182] usbcore: registered new device driver usb
[    2.469167] PCI: Using ACPI for IRQ routing
[    2.475646] NetLabel: Initializing
[    2.485892] NetLabel:  domain hash size = 128
[    2.487033] NetLabel:  protocols = UNLABELED CIPSOv4
[    2.488901] NetLabel:  unlabeled traffic allowed by default
[    2.489824] amd_nb: Cannot enumerate AMD northbridges
[    2.491798] clocksource: Switched to clocksource kvm-clock
[    2.504332] AppArmor: AppArmor Filesystem Enabled
[    2.512572] pnp: PnP ACPI init
[    2.513842] pnp: PnP ACPI: found 3 devices
[    2.525021] clocksource: acpi_pm: mask: 0xffffff max_cycles: 0xffffff, max_idle_ns: 2085701024 ns
[    2.544734] NET: Registered protocol family 2
[    2.545441] TCP established hash table entries: 32768 (order: 6, 262144 bytes)
[    2.546486] TCP bind hash table entries: 32768 (order: 7, 524288 bytes)
[    2.549516] TCP: Hash tables configured (established 32768 bind 32768)
[    2.586178] UDP hash table entries: 2048 (order: 4, 65536 bytes)
[    2.590983] UDP-Lite hash table entries: 2048 (order: 4, 65536 bytes)
[    2.601048] NET: Registered protocol family 1
[    2.606028] pci 0000:00:00.0: Limiting direct PCI/PCI transfers
[    2.642455] pci 0000:00:01.0: Activating ISA DMA hang workarounds
[    2.648778] Unpacking initramfs...
[    4.006248] Freeing initrd memory: 10748K (ffff880036af2000 - ffff880037571000)
[    4.038765] PCI-DMA: Using software bounce buffering for IO (SWIOTLB)
[    4.039574] software IO TLB [mem 0xdbff0000-0xdfff0000] (64MB) mapped at [ffff8800dbff0000-ffff8800dffeffff]
[    4.046620] platform rtc_cmos: registered platform RTC device (no PNP device found)
[    4.047667] Scanning for low memory corruption every 60 seconds
[    4.048692] audit: initializing netlink subsys (disabled)
[    4.056596] audit: type=2000 audit(1496955010.512:1): initialized
[    4.061500] Initialise system trusted keyring
[    4.063624] HugeTLB registered 2 MB page size, pre-allocated 0 pages
[    4.066991] zbud: loaded
[    4.071929] VFS: Disk quotas dquot_6.6.0
[    4.072543] VFS: Dquot-cache hash table entries: 512 (order 0, 4096 bytes)
[    4.073522] squashfs: version 4.0 (2009/01/31) Phillip Lougher
[    4.092084] fuse init (API version 7.23)
[    4.094293] Key type big_key registered
[    4.094843] Allocating IMA MOK and blacklist keyrings.
[    4.100437] Key type asymmetric registered
[    4.102282] Asymmetric key parser 'x509' registered
[    4.103016] Block layer SCSI generic (bsg) driver version 0.4 loaded (major 249)
[    4.116136] io scheduler noop registered
[    4.119801] io scheduler deadline registered (default)
[    4.120509] io scheduler cfq registered
[    4.121122] pci_hotplug: PCI Hot Plug PCI Core version: 0.5
[    4.121825] pciehp: PCI Express Hot Plug Controller Driver version: 0.4
[    4.124656] ACPI: AC Adapter [AC] (on-line)
[    4.125268] input: Power Button as /devices/LNXSYSTM:00/LNXPWRBN:00/input/input0
[    4.126267] ACPI: Power Button [PWRF]
[    4.129845] input: Sleep Button as /devices/LNXSYSTM:00/LNXSLPBN:00/input/input1
[    4.134643] ACPI: Sleep Button [SLPF]
[    4.144656] GHES: HEST is not enabled!
[    4.151296] Serial: 8250/16550 driver, 32 ports, IRQ sharing enabled
[    4.174981] 00:02: ttyS0 at I/O 0x3f8 (irq = 4, base_baud = 115200) is a 16550A
[    4.180630] Linux agpgart interface v0.103
[    4.188635] loop: module loaded
[    4.196968] scsi host0: ata_piix
[    4.200511] scsi host1: ata_piix
[    4.208802] ata1: PATA max UDMA/33 cmd 0x1f0 ctl 0x3f6 bmdma 0xd000 irq 14
[    4.212537] ata2: PATA max UDMA/33 cmd 0x170 ctl 0x376 bmdma 0xd008 irq 15
[    4.218933] libphy: Fixed MDIO Bus: probed
[    4.223331] tun: Universal TUN/TAP device driver, 1.6
[    4.224200] tun: (C) 1999-2004 Max Krasnyansky <maxk@qualcomm.com>
[    4.228934] PPP generic driver version 2.4.2
[    4.230690] ehci_hcd: USB 2.0 'Enhanced' Host Controller (EHCI) Driver
[    4.232853] ehci-pci: EHCI PCI platform driver
[    4.237614] ehci-platform: EHCI generic platform driver
[    4.246868] ohci_hcd: USB 1.1 'Open' Host Controller (OHCI) Driver
[    4.250896] ohci-pci: OHCI PCI platform driver
[    4.252778] ohci-platform: OHCI generic platform driver
[    4.254728] uhci_hcd: USB Universal Host Controller Interface driver
[    4.256797] i8042: PNP: PS/2 Controller [PNP0303:PS2K,PNP0f03:PS2M] at 0x60,0x64 irq 1,12
[    4.272177] serio: i8042 KBD port at 0x60,0x64 irq 1
[    4.281609] serio: i8042 AUX port at 0x60,0x64 irq 12
[    4.282656] mousedev: PS/2 mouse device common for all mice
[    4.299154] input: AT Translated Set 2 keyboard as /devices/platform/i8042/serio0/input/input2
[    4.305820] rtc_cmos rtc_cmos: rtc core: registered rtc_cmos as rtc0
[    4.306649] rtc_cmos rtc_cmos: alarms up to one day, 114 bytes nvram
[    4.314817] i2c /dev entries driver
[    4.325480] device-mapper: uevent: version 1.0.3
[    4.330892] device-mapper: ioctl: 4.34.0-ioctl (2015-10-28) initialised: dm-devel@redhat.com
[    4.332003] ledtrig-cpu: registered to indicate activity on CPUs
[    4.333030] NET: Registered protocol family 10
[    4.335042] NET: Registered protocol family 17
[    4.335647] Key type dns_resolver registered
[    4.338624] microcode: CPU0 sig=0x506e3, pf=0x2, revision=0x0
[    4.340564] microcode: CPU1 sig=0x506e3, pf=0x2, revision=0x0
[    4.343752] microcode: Microcode Update Driver: v2.01 <tigran@aivazian.fsnet.co.uk>, Peter Oruba
[    4.350566] registered taskstats version 1
[    4.351142] Loading compiled-in X.509 certificates
[    4.352209] Loaded X.509 cert 'Build time autogenerated kernel key: 779fd75203f0d36b99b83c7328fac831ec7adf9e'
[    4.355006] zswap: loaded using pool lzo/zbud
[    4.356802] Key type trusted registered
[    4.362850] Key type encrypted registered
[    4.367079] AppArmor: AppArmor sha1 policy hashing enabled
[    4.368788] ima: No TPM chip found, activating TPM-bypass!
[    4.369571] evm: HMAC attrs: 0x1
[    4.371541]   Magic number: 5:510:851
[    4.374517]  index3: hash matches
[    4.379245]  index3: hash matches
[    4.379884] rtc_cmos rtc_cmos: setting system clock to 2017-06-08 20:50:07 UTC (1496955007)
[    4.401233] BIOS EDD facility v0.16 2004-Jun-25, 0 devices found
[    4.429424] EDD information not available.
[    4.438384] Freeing unused kernel memory: 1484K (ffffffff81f45000 - ffffffff820b8000)
[    4.448110] Write protecting the kernel read-only data: 14336k
[    4.456825] Freeing unused kernel memory: 1760K (ffff880001848000 - ffff880001a00000)
[    4.472030] Freeing unused kernel memory: 112K (ffff880001de4000 - ffff880001e00000)
Loading, please wait...
starting version[    4.497935] random: systemd-udevd: uninitialized urandom read (16 bytes read, 3 bits of entropy available)
 229
[    4.500686] random: udevadm: uninitialized urandom read (16 bytes read, 3 bits of entropy available)
[    4.500718] random: udevadm: uninitialized urandom read (16 bytes read, 3 bits of entropy available)
[    4.500814] random: udevadm: uninitialized urandom read (16 bytes read, 3 bits of entropy available)
[    4.500843] random: udevadm: uninitialized urandom read (16 bytes read, 3 bits of entropy available)
[    4.500870] random: udevadm: uninitialized urandom read (16 bytes read, 3 bits of entropy available)
[    4.500898] random: udevadm: uninitialized urandom read (16 bytes read, 3 bits of entropy available)
[    4.500923] random: udevadm: uninitialized urandom read (16 bytes read, 3 bits of entropy available)
[    4.500949] random: udevadm: uninitialized urandom read (16 bytes read, 3 bits of entropy available)
[    4.500974] random: udevadm: uninitialized urandom read (16 bytes read, 3 bits of entropy available)
[    4.555800] e1000: Intel(R) PRO/1000 Network Driver - version 7.3.21-k8-NAPI
[    4.582831] e1000: Copyright (c) 1999-2006 Intel Corporation.
[    4.593910] AVX version of gcm_enc/dec engaged.
[    4.604100] Fusion MPT base driver 3.04.20
[    4.604100] Copyright (c) 1999-2008 LSI Corporation
[    4.615083] AES CTR mode by8 optimization enabled
[    4.618957] Fusion MPT SPI Host driver 3.04.20
[    4.792326] input: ImExPS/2 Generic Explorer Mouse as /devices/platform/i8042/serio1/input/input4
[    4.975383] e1000 0000:00:03.0 eth0: (PCI:33MHz:32-bit) 02:e5:38:c9:4b:72
[    4.989948] e1000 0000:00:03.0 eth0: Intel(R) PRO/1000 Network Connection
[    4.995781] mptbase: ioc0: Initiating bringup
[    4.999244] e1000 0000:00:03.0 enp0s3: renamed from eth0
[    5.047307] tsc: Refined TSC clocksource calibration: 3509.358 MHz
[    5.064437] ioc0: LSI53C1030 A0: Capabilities={Initiator}
[    5.071078] clocksource: tsc: mask: 0xffffffffffffffff max_cycles: 0x3295d97439d, max_idle_ns: 440795366391 ns
[    5.225166] scsi host2: ioc0: LSI53C1030 A0, FwRev=00000000h, Ports=1, MaxQ=256, IRQ=20
[    5.340409] scsi 2:0:0:0: Direct-Access     VBOX     HARDDISK         1.0  PQ: 0 ANSI: 5
[    5.348917] scsi target2:0:0: Beginning Domain Validation
[    5.350327] scsi target2:0:0: Domain Validation skipping write tests
[    5.351141] scsi target2:0:0: Ending Domain Validation
[    5.351845] scsi target2:0:0: asynchronous
[    5.355146] scsi 2:0:1:0: Direct-Access     VBOX     HARDDISK         1.0  PQ: 0 ANSI: 5
[    5.358933] scsi target2:0:1: Beginning Domain Validation
[    5.362750] scsi target2:0:1: Domain Validation skipping write tests
[    5.371791] scsi target2:0:1: Ending Domain Validation
[    5.372672] scsi target2:0:1: asynchronous
[    5.376938] sd 2:0:0:0: Attached scsi generic sg0 type 0
[    5.380269] sd 2:0:0:0: [sda] 20971520 512-byte logical blocks: (10.7 GB/10.0 GiB)
[    5.381426] sd 2:0:0:0: [sda] Write Protect is off
[    5.383230] sd 2:0:1:0: Attached scsi generic sg1 type 0
[    5.383362] sd 2:0:1:0: [sdb] 20480 512-byte logical blocks: (10.5 MB/10.0 MiB)
[    5.383449] sd 2:0:1:0: [sdb] Write Protect is off
[    5.383498] sd 2:0:1:0: [sdb] Incomplete mode parameter data
[    5.383499] sd 2:0:1:0: [sdb] Assuming drive cache: write through
[    5.386792] sd 2:0:0:0: [sda] Incomplete mode parameter data
[    5.386793] sd 2:0:0:0: [sda] Assuming drive cache: write through
[    5.387630]  sda: sda1
[    5.388048] sd 2:0:0:0: [sda] Attached SCSI disk
[    5.388891] sd 2:0:1:0: [sdb] Attached SCSI disk
[    7.584146] floppy0: no floppy controllers found
Begin: Loading e[    8.851283] md: linear personality registered for level -1
ssential drivers ... [    8.884420] md: multipath personality registered for level -4
[    8.905425] md: raid0 personality registered for level 0
[    8.921916] md: raid1 personality registered for level 1
[    9.005887] raid6: sse2x1   gen()  9296 MB/s
[    9.071953] raid6: sse2x1   xor()  6452 MB/s
[    9.144159] raid6: sse2x2   gen() 13172 MB/s
[    9.219842] raid6: sse2x2   xor()  9034 MB/s
[    9.296061] raid6: sse2x4   gen() 15205 MB/s
[    9.368229] raid6: sse2x4   xor() 10563 MB/s
[    9.377130] raid6: using algorithm sse2x4 gen() 15205 MB/s
[    9.377798] raid6: .... xor() 10563 MB/s, rmw enabled
[    9.380295] raid6: using ssse3x2 recovery algorithm
[    9.381904] xor: automatically using best checksumming function:
[    9.419863]    avx       : 24095.000 MB/sec
[    9.433269] async_tx: api initialized (async)
[    9.449771] md: raid6 personality registered for level 6
[    9.469791] md: raid5 personality registered for level 5
[    9.470445] md: raid4 personality registered for level 4
[    9.477460] md: raid10 personality registered for level 10
done.
Begin: Running /scripts/init-premount ... done.
Begin: Mounting root file system ... Begin: Running /scripts/local-top ... done.
Begin: Running /scripts/local-premount ... [    9.502473] Btrfs loaded
Scanning for Btrfs filesystems
done.
Warning: fsck not present, so skipping root file system
[    9.526065] EXT4-fs (sda1): mounted filesystem with ordered data mode. Opts: (null)
done.
Begin: Running /scripts/local-bottom ... done.
Begin: Running /scripts/init-bottom ... done.
[    9.609667] systemd[1]: systemd 229 running in system mode. (+PAM +AUDIT +SELINUX +IMA +APPARMOR +SMACK +SYSVINIT +UTMP +LIBCRYPTSETUP +GCRYPT +GNUTLS +ACL +XZ -LZ4 +SECCOMP +BLKID +ELFUTILS +KMOD -IDN)
[    9.621543] systemd[1]: Detected virtualization oracle.
[    9.622206] systemd[1]: Detected architecture x86-64.

Welcome to [1mUbuntu 16.04.2 LTS[0m!

[    9.628890] systemd[1]: Set hostname to <ubuntu>.
[    9.630632] systemd[1]: Initializing machine ID from random generator.
[    9.640844] systemd[1]: Installed transient /etc/machine-id file.
[    9.719124] systemd[1]: Started Trigger resolvconf update for networkd DNS.
[[0;32m  OK  [0m] Started Trigger resolvconf update for networkd DNS.
[    9.730570] systemd[1]: Listening on LVM2 poll daemon socket.
[[0;32m  OK  [0m] Listening on LVM2 poll daemon socket.
[    9.731916] systemd[1]: Listening on udev Kernel Socket.
[[0;32m  OK  [0m] Listening on udev Kernel Socket.
[    9.733163] systemd[1]: Listening on LVM2 metadata daemon socket.
[[0;32m  OK  [0m] Listening on LVM2 metadata daemon socket.
[    9.734543] systemd[1]: Listening on Journal Socket (/dev/log).
[[0;32m  OK  [0m] Listening on Journal Socket (/dev/log).
[    9.735940] systemd[1]: Listening on Journal Audit Socket.
[[0;32m  OK  [0m] Listening on Journal Audit Socket.
[    9.753157] systemd[1]: Set up automount Arbitrary Executable File Formats File System Automount Point.
[[0;32m  OK  [0m] Set up automount Arbitrary Executab...ats File System Automount Point.
[    9.759545] systemd[1]: Created slice User and Session Slice.
[[0;32m  OK  [0m] Created slice User and Session Slice.
[    9.762513] systemd[1]: Started Forward Password Requests to Wall Directory Watch.
[[0;32m  OK  [0m] Started Forward Password Requests to Wall Directory Watch.
[    9.770808] systemd[1]: Listening on /dev/initctl Compatibility Named Pipe.
[[0;32m  OK  [0m] Listening on /dev/initctl Compatibility Named Pipe.
[    9.772336] systemd[1]: Listening on Syslog Socket.
[[0;32m  OK  [0m] Listening on Syslog Socket.
[    9.782570] systemd[1]: Reached target Swap.
[[0;32m  OK  [0m] Reached target Swap.
[    9.785109] systemd[1]: Listening on Journal Socket.
[[0;32m  OK  [0m] Listening on Journal Socket.
[    9.786335] systemd[1]: Listening on Device-mapper event daemon FIFOs.
[[0;32m  OK  [0m] Listening on Device-mapper event daemon FIFOs.
[    9.800451] systemd[1]: Reached target Encrypted Volumes.
[[0;32m  OK  [0m] Reached target Encrypted Volumes.
[    9.801714] systemd[1]: Reached target User and Group Name Lookups.
[[0;32m  OK  [0m] Reached target User and Group Name Lookups.
[    9.803302] systemd[1]: Created slice System Slice.
[[0;32m  OK  [0m] Created slice System Slice.
[    9.816011] systemd[1]: Starting Nameserver information manager...
         Starting Nameserver information manager...
[    9.826663] systemd[1]: Starting Uncomplicated firewall...
         Starting Uncomplicated firewall...
[    9.839411] systemd[1]: Mounting Debug File System...
         Mounting Debug File System...
[    9.841043] systemd[1]: Starting Monitoring of LVM2 mirrors, snapshots etc. using dmeventd or progress polling...
         Starting Monitoring of LVM2 mirrors... dmeventd or progress polling...
[    9.848912] systemd[1]: Created slice system-serial\x2dgetty.slice.
[[0;32m  OK  [0m] Created slice system-serial\x2dgetty.slice.
[    9.852991] systemd[1]: Starting Set console keymap...
         Starting Set console keymap...
[    9.857552] systemd[1]: Starting Load Kernel Modules...
         Startin[    9.865349] Loading iSCSI transport class v2.0-870.
g Load Kernel Modules...
[    9.878349] systemd[1]: Starting Remount Root and Kernel File Systems...
         Starting Remount Root and Kernel File Systems...
[    9.891167] iscsi: registered transport (tcp)
[    9.891379] EXT4-fs (sda1): re-mounted. Opts: (null)
[    9.897139] systemd[1]: Mounting Huge Pages File System...
         Mounting Huge Pages File System...
[    9.916241] iscsi: registered transport (iser)
[    9.924353] systemd[1]: Starting Create list of required static device nodes for the current kernel...
         Starting Create list of required st... nodes for the current kernel...
[    9.942677] systemd[1]: Mounting POSIX Message Queue File System...
         Mounting POSIX Message Queue File System...
[    9.963565] systemd[1]: Reached target Slices.
[[0;32m  OK  [0m] Reached target Slices.
[    9.965436] systemd[1]: Starting Journal Service...
         Starting Journal Service...
[    9.969205] systemd[1]: Listening on udev Control Socket.
[[0;32m  OK  [0m] Listening on udev Control Socket.
[    9.976037] systemd[1]: Mounted Huge Pages File System.
[[0;32m  OK  [0m] Mounted Huge Pages File System.
[    9.987623] systemd[1]: Mounted Debug File System.
[[0;32m  OK  [0m] Mounted Debug File System.
[   10.014769] systemd[1]: Mounted POSIX Message Queue File System.
[[0;32m  OK  [0m] Mounted POSIX Message Queue File System.
[   10.030511] systemd[1]: Started Journal Service.
[[0;32m  OK  [0m] Started Journal Service.
[[0;32m  OK  [0m] Started Uncomplicated firewall.
[[0;32m  OK  [0m] Started Set console keymap.
[[0;32m  OK  [0m] Started Load Kernel Modules.
[[0;32m  OK  [0m] Started Remount Root and Kernel File Systems.
[[0;32m  OK  [0m] Started Create list of required sta...ce nodes for the current kernel.
[[0;32m  OK  [0m] Started Nameserver information manager.
[[0;32m  OK  [0m] Started LVM2 metadata daemon.[   10.100703] random: nonblocking pool is initialized

         Starting Create Static Device Nodes in /dev...
         Starting udev Coldplug all Devices...
         Starting Initial cloud-init job (pre-networking)...
         Starting Load/Save Random Seed...
         Mounting FUSE Control File System...
         Starting Apply Kernel Variables...
         Starting Flush Journal to Persistent Storage...
[[0;32m  OK  [0m] Mounted FUSE Control File System.
[[0;32m  OK  [0m] Started Create Static Device Nodes in /dev.
[[0;32m  OK  [0m] Started Load/Save Random Seed.
[[0;32m  OK  [0m] Started Apply Kernel Variables.
[[0;32m  OK  [0m] Started udev Coldplug all Devices.
         Starting udev Kernel Device Manager...
[[0;32m  OK  [0m] Started Flush Journal to Persistent Storage.
[[0;32m  OK  [0m] Started udev Kernel Device Manager.
[[0;32m  OK  [0m] Started Dispatch Password Requests to Console Directory Watch.
[[0;32m  OK  [0m] Started Monitoring of LVM2 mirrors,...ng dmeventd or progress polling.
[[0;32m  OK  [0m] Reached target Local File Systems (Pre).
[[0;32m  OK  [0m] Reached target Local File Systems.
         Starting LSB: AppArmor initialization...
         Starting Set console font and keymap...
         Starting Commit a transient machine-id on disk...
         Starting Create Volatile Files and Directories...
         Starting Tell Plymouth To Write Out Runtime Data...
[[0;32m  OK  [0m] Started Commit a transient machine-id on disk.
[[0;32m  OK  [0m] Started Create Volatile Files and Directories.
[[0;32m  OK  [0m] Started Tell Plymouth To Write Out Runtime Data.
[[0;32m  OK  [0m] Started Set console font and keymap.
[[0;32m  OK  [0m] Found device /dev/ttyS0.
[[0;32m  OK  [0m] Listening on Load/Save RF Kill Switch Status /dev/rfkill Watch.
[[0;32m  OK  [0m] Created slice system-getty.slice.
[[    9.017042] cloud-init[450]: Cloud-init v. 0.7.9 running 'init-local' at Thu, 08 Jun 2017 20:50:13 +0000. Up 8.72 seconds.
[0;32m  OK  [0m] Reached target System Time Synchronized.
         Starting Update UTMP about System Boot/Shutdown...
[[0;32m  OK  [0m] Started Update UTMP about System Boot/Shutdown.
[[0;32m  OK  [0m] Started Initial cloud-init job (pre-networking).
[[0;32m  OK  [0m] Reached target Network (Pre).
[[0;32m  OK  [0m] Started LSB: AppArmor initialization.
         Starting Raise network interfaces...
[[0;32m  OK  [0m] Started Raise network interfaces.
         Starting Initial cloud-init job (metadata service crawler)...
[[0;32m  OK  [0m] Reached target Network.
[   12.029334] cloud-init[926]: Cloud-init v. 0.7.9 running 'init' at Thu, 08 Jun 2017 20:50:16 +0000. Up 11.67 seconds.
[   12.092353] [cloud-init[0;32m  OK  [0m[926]: ] ci-info: +++++++++++++++++++++++++++++++++++++Net device info++++++++++++++++++++++++++++++++++++++Started Initial cloud-init job (metadata service crawler).

[   12.092624] cloud-init[926]: ci-info: +--------+------+----------------------------+---------------+-------+-------------------+
[   12.145110] [[0;32m  OK  [0m] Reached target Network is Online.
cloud-init[926]: ci-info: | Device |  Up  |          Address           |      Mask     | Scope |     Hw-Address    |
[   12.148183] cloud-init[926]: ci-info: +--------+------+----------------------------+---------------+-------+-------------------+
[   12.156034] cloud-init[926]: ci-info: |   lo   | True |         127.0.0.1          |   255.0.0.0   |   .   |         .         |
[   12.175845]          cloud-initStarting iSCSI initiator daemon (iscsid)...[926]: 
ci-info: |   lo   | True |          ::1/128           |       .       |  host |         .         |
[   12.181054] [[0;32m  OK  [0m] Reached target System Initialization.
[[0;32m  OK  [0m] Started Daily Cleanup of Temporary Directories.
[[0;32m  OK  [0m] Listening on D-Bus System Message Bus Socket.
[[0;32m  OK  [0m] Listening on UUID daemon activation socket.
cloud-init[926]: ci-info: | enp0s3 | True |         10.0.2.15          | 255.255.255.0 |   .   | 02:e5:38:c9:4b:72 |
[   12.215658] [cloud-init[0;32m  OK  [0m[926]: ] ci-info: | enp0s3 | True | fe80::e5:38ff:fec9:4b72/64 |       .       |  link | 02:e5:38:c9:4b:72 |Started ACPI Events Check.

[[0;32m  OK  [0m] Reached target Paths.
[   12.215967] cloud-init[926]: ci-info: +--------+------+----------------------------+---------------+-------+-------------------+
[   12.233046]          Starting LXD - unix socket.
[[0;32m  OK  [0m] Listening on ACPID Listen Socket.
cloud-init[926]: ci-info: +++++++++++++++++++++++++++Route IPv4 info++++++++++++++++++++++++++++
[   12.238820]          Starting Socket activation for snappy daemon.
[[0;32m  OK  [0m] Started Daily apt activities.
[[0;32m  OK  [0m] Started Timer to automatically refresh installed snaps.
[[0;32m  OK  [0m] Reached target Timers.
[[0;32m  OK  [0m] Reached target Cloud-config availability.
cloud-init[926]: ci-info: +-------+-------------+----------+---------------+-----------+-------+
[   12.243883] cloud-init[926]: ci-info: | Route | Destination | Gateway  |    Genmask    | Interface | Flags |
[   12.246209] cloud-init[926]: ci-info: +-------+-------------+----------+---------------+-----------+-------+
[   12.281338] [cloud-init[0;32m  OK  [0m[926]: ] ci-info: |   0   |   0.0.0.0   | 10.0.2.2 |    0.0.0.0    |   enp0s3  |   UG  |Listening on LXD - unix socket.

[[0;32m  OK  [0m] Listening on Socket activation for snappy daemon.
[[0;32m  OK  [0m] Started iSCSI initiator daemon (iscsid).
[   12.281657] cloud-init[926]: ci-info: |   1   |   10.0.2.0  | 0.0.0.0  | 255.255.255.0 |   enp0s3  |   U   |
[   12.293825] cloud-init[926]: ci-info: +-------+-------------+----------+---------------+-----------+-------+
[   12.295137] cloud-init[926]: Generating public/private rsa key pair.
[   12.304498] cloud-init[926]: Your identification has been saved in /etc/ssh/ssh_host_rsa_key.
[   12.356483] cloud-init[926]: Your public key has been saved in /etc/ssh/ssh_host_rsa_key.pub.
[   12.360493] cloud-init[926]: The key fingerprint is:
         Starting Login to default iSCSI targets...
[[0;32m  OK  [0m] Reached target Sockets.
[[0;32m  OK  [0m] Reached target Basic System.
[   12.365042] cloud-init[926]: SHA256:5xzhyNYHgWGSxGvPXSJNdHas7WwFkhVCJiK6AkDadSo root@ubuntu-xenial
[   12.384161] cloud-init[926]: The key's randomart image is:
[[0;32m  OK  [0m] Started FUSE filesystem for LXC.
[   12.391446] cloud-init[926]: +---[RSA 2048]----+
[   12.392867] cloud-init[926]: |o.  .o=.+++.*++. |
[   12.393510] cloud-init[926]: |o. . +o+...*ooo  |
[[0;32m  OK  [0m] Started Snappy daemon.
[   12.399221] cloud-init[926]: |o E o  . oo  + . |
         Starting Apply the settings specified in cloud-config...
         Starting Auto import assertions from block devices...
         Starting Pollinate to seed the pseudo random number generator...
[[0;32m  OK  [0m] Started Unattended Upgrades Shutdown.
[   12.435809] cloud-init[926]: | . . .o..+ooo . .|
[   12.548489]          cloud-initStarting System Logging Service...[926]: 
|  . .. oSo=o.o . |
[   12.568201]          cloud-initStarting Accounts Service...[926]: 
|   .   .o+.o  +  |
[   12.596643]          cloud-initStarting /etc/rc.local Compatibility...[926]: 
|          o  .   |
         Starting LSB: MD monitoring daemon...
[   12.630383] cloud-init[926]: |                 |
[   12.638329] cloud-init[926]: |                 |
[[0;32m  OK  [0m] Started Regular background program processing daemon.
         Starting Login Service...
         Starting LSB: Record successful boot for GRUB...
[[0;32m  OK  [0m] Started ACPI event daemon.
[[0;32m  OK  [0m] Started Deferred execution scheduler.
[[0;32m  OK  [0m] Started D-Bus System Message Bus.
[   12.654872] cloud-init[926]: +----[SHA256]-----+
[   12.732404]          cloud-initStarting LXD - container startup/shutdown...[926]: 
Generating public/private dsa key pair.
[[0;32m  OK  [0m] Started System Logging Service.
[   12.741209] cloud-init[926]: Your identification has been saved in /etc/ssh/ssh_host_dsa_key.
[   12.776238] [[0;32m  OK  [0m] Started Auto import assertions from block devices.
cloud-init[926]: Your public key has been saved in /etc/ssh/ssh_host_dsa_key.pub.
[[0;32m  OK  [0m] Started /etc/rc.local Compatibility.
[   12.779945] cloud-init[926]: The key fingerprint is:
[   12.828763] [[0;32m  OK  [0m] Started LXD - container startup/shutdown.
cloud-init[[926]: [0;32m  OK  [0mSHA256:syQAaegXl+pnRFZO9xeK3soU/Ti5xh3uCtKwzF4ur7Y root@ubuntu-xenial] 
Started Pollinate to seed the pseudo random number generator.
[   12.829639] cloud-init[926]: The key's randomart image is:
[   12.855099] cloud-init[926]: +---[DSA 1024]----+
[   12.912569] cloud-init[926]: | ...  oo .   .   |
[   12.918646] cloud-init[926]: |. oo =o . + . .  |
[[0;32m  OK  [0m] Started Login to default iSCSI targets.
[   12.946569] cloud-init[926]: |..  B  . o + .   |
[   12.969992] cloud-init[926]: | . o o  . o =    |
[   12.975001] cloud-init[926]: |  o . ..So = o   |
[   12.978757] cloud-init[926]: |   . ooo*oo = .  |
[   12.980051] cloud-init[926]: |    o  =.* + o   |
[   12.982709] cloud-init[926]: |      .o+ o .    |
[   13.001004] cloud-init[926]: |      .E=o ...   |
[   13.012675] [cloud-init[0;32m  OK  [0m[926]: ] +----[SHA256]-----+Started LSB: MD monitoring daemon.

[   13.024684] [cloud-init[0;32m  OK  [0m[926]: ] Generating public/private ecdsa key pair.Started LSB: Record successful boot for GRUB.

[   13.024961] cloud-init[926]: Your identification has been saved in /etc/ssh/ssh_host_ecdsa_key.
[   13.066840] cloud-init[926]: Your public key has been saved in /etc/ssh/ssh_host_ecdsa_key.pub.
[   13.076466] cloud-init[926]: The key fingerprint is:
[   13.081564] cloud-init[926]: SHA256:n8xeYvdiuzW543yu1xFOE3kjts9NzI60qY1ohJ9crjE root@ubuntu-xenial
[   13.083909] cloud-init[926]: The key's randomart image is:
[   13.084620] cloud-init[926]: +---[ECDSA 256]---+
[   13.085244] cloud-init[926]: |                .|
[   13.085862] cloud-init[926]: |             o +.|
[[0;32m  OK  [0m] Started Login Service.
[   13.088880] cloud-init[926]: |            . oo+|
[   13.093463] cloud-init[926]: |             ..++|
[   13.094087] cloud-init[926]: |        S.   .=*+|
[   13.094760] cloud-init[926]: |        .+... +*o|
[   13.104553] cloud-init[926]: |         +E=o++ o|
[   13.111615] cloud-init         Starting Authenticate and Authorize Users to Run Privileged Tasks...
[[0;32m  OK  [0m] Reached target Remote File Systems (Pre).
[[0;32m  OK  [0m] Reached target Remote File Systems.
         Starting LSB: automatic crash report generation...
         Starting LSB: VirtualBox Linux Additions...
         Starting LSB: Set the CPU Frequency Scaling governor to "ondemand"...
         Starting Permit User Sessions...
         Starting LSB: daemon to balance interrupts for SMP systems...
[926]: |         o***+oo+|
[   13.164561]          cloud-initStarting OpenBSD Secure Shell server...[926]: 
|         .ooo=**.|
[   13.169628] [[0;32m  OK  [0m] Started OpenBSD Secure Shell server.
cloud-init[926]: +----[SHA256]-----+
[[0;32m  OK  [0m] Started Permit User Sessions.
[   13.171889] cloud-init[926]: Generating public/private ed25519 key pair.
[   13.198151] [cloud-init[0;32m  OK  [0m[926]: ] Your identification has been saved in /etc/ssh/ssh_host_ed25519_key.Started Authenticate and Authorize Users to Run Privileged Tasks.

[[0;32m  OK  [0m] Started Accounts Service.
[   13.216292] cloud-init[926]: Your public key has been saved in /etc/ssh/ssh_host_ed25519_key.pub.
[   13.217970] cloud-init[926]: The key fingerprint is:
[   13.218962] cloud-init[926]: SHA256:rWUqDQD/ZAdse2czhV+f4noKwDyc0pYbQi+hw9cUW1c root@ubuntu-xenial
[   13.220253] cloud-init[926]: The key's randomart image is:
[   13.222086] cloud-init[926]: +--[ED25519 256]--+
[   13.222947] cloud-init[926]: |  .  ... . o.E   |
[   13.223943] cloud-init[926]: |   o  o.+ o . .  |
[   13.224942] cloud-init[926]: |    o+o+.  o . ..|
[   13.226246] cloud-init[926]: |  . o=@.+.= .. ..|
[   13.229042] cloud-init[926]: |   + =o/So+o. .  |
[   13.229898] cloud-init[926]: |    o =o==   .   |
[[0;32m  OK  [0m] Started LSB: Set the CPU Frequency Scaling governor to "ondemand".
[   13.230221] cloud-init[926]: |      ..+.  .    |
[   13.245565] cloud-init[926]: |       .  .. .   |
         Starting Hold until boot process finishes up...
         Starting Terminate Plymouth Boot Screen...
[[0;32m  OK  [0m] Started LSB: daemon to balance interrupts for SMP systems.
[[0;32m  OK  [0m] Started Hold until boot process finishes up.
[   13.264790] cloud-init[926]: |           .o    |
[[0;32m  OK  [0m] Started Terminate Plymouth Boot Screen.
[[0;32m  OK  [0m] Started LSB: automatic crash report generation.
[   13.293466] cloud-init[926]: +----[SHA256]-----+
[[0;32m  OK  [0m] Started Getty on tty1.
[   13.318724] cloud-init[1034]: Generating locales (this might take a while)...
         Starting Set console scheme...
[[0;32m  OK  [0m] Started Serial Getty on ttyS0.
[[0;32m  OK  [0m] Reached target Login Prompts.
[[0;32m  OK  [0m] Started LSB: VirtualBox Linux Additions.
[[0;32m  OK  [0m] Started Set console scheme.
[[0;32m  OK  [0m] Reached target Multi-User System.
[[0;32m  OK  [0m] Reached target Graphical Interface.
         Starting Update UTMP about System Runlevel Changes...
[[0;32m  OK  [0m] Started Update UTMP about System Runlevel Changes.
[   13.459319] cloud-init[1034]:   en_US.UTF-8... done
[   13.472544] cloud-init[1034]: Generation complete.
         Stopping OpenBSD Secure Shell server...
[[0;32m  OK  [0m] Stopped OpenBSD Secure Shell server.
         Starting OpenBSD Secure Shell server...
[[0;32m  OK  [0m] Started OpenBSD Secure Shell server.
[   13.834743] cloud-init[1034]: Cloud-init v. 0.7.9 running 'modules:config' at Thu, 08 Jun 2017 20:50:17 +0000. Up 12.68 seconds.
[[0;32m  OK  [0m] Started Apply the settings specified in cloud-config.
         Starting Execute cloud user/final scripts...
ci-info: no authorized ssh keys fingerprints found for user ubuntu.
<14>Jun  8 20:50:19 ec2: 
<14>Jun  8 20:50:19 ec2: #############################################################
<14>Jun  8 20:50:19 ec2: -----BEGIN SSH HOST KEY FINGERPRINTS-----
<14>Jun  8 20:50:19 ec2: 1024 SHA256:syQAaegXl+pnRFZO9xeK3soU/Ti5xh3uCtKwzF4ur7Y root@ubuntu-xenial (DSA)
<14>Jun  8 20:50:19 ec2: 256 SHA256:n8xeYvdiuzW543yu1xFOE3kjts9NzI60qY1ohJ9crjE root@ubuntu-xenial (ECDSA)
<14>Jun  8 20:50:19 ec2: 256 SHA256:rWUqDQD/ZAdse2czhV+f4noKwDyc0pYbQi+hw9cUW1c root@ubuntu-xenial (ED25519)
<14>Jun  8 20:50:19 ec2: 2048 SHA256:5xzhyNYHgWGSxGvPXSJNdHas7WwFkhVCJiK6AkDadSo root@ubuntu-xenial (RSA)
<14>Jun  8 20:50:19 ec2: -----END SSH HOST KEY FINGERPRINTS-----
<14>Jun  8 20:50:19 ec2: #############################################################
-----BEGIN SSH HOST KEY KEYS-----
ecdsa-sha2-nistp256 AAAAE2VjZHNhLXNoYTItbmlzdHAyNTYAAAAIbmlzdHAyNTYAAABBBMIJVgSWZQWMNGRonm/KYhN70SqR15JhHHe+52iAeZ6e/inazo5+IsElvRNUnbG62waAglMljua4/057HpkkSTE= root@ubuntu-xenial
ssh-ed25519 AAAAC3NzaC1lZDI1NTE5AAAAIJqHi4Y95bXZMaoVkyv6GUH1kqyizgRF0rV0kY9kq3RH root@ubuntu-xenial
ssh-rsa AAAAB3NzaC1yc2EAAAADAQABAAABAQClyr8BH8W0VcCL4PPS7QDUAoJFQkgCkUGOpH+LWccd/7VKkXcQ6r5m+oY3sklRPZvtIeZo9uhRaqOUssWfmhKO5To4KRpegtSDzig0pZO4ix8L17YB+iuAjXvE/m4sd1DBZJc2bCeEbL2b4iEmiJRuuDXEcNyNdjXNvoAc89i7B9M0Y5vgToqIbxHxNq8xDtabdj49yNnqQhoo4rEfQQbxCLmX1B47j12IIwCSNc21tiKzfj0T1sekLBS5PJGquUWuIukne2TExp8NN5P3lNSqnxIOy7gV14olXTNGbLKBcsij/lUAQqedyknAkhKkMqcLvl/cq0qUDd6WxtvfgXzL root@ubuntu-xenial
-----END SSH HOST KEY KEYS-----
[   14.714370] cloud-init[1297]: Cloud-init v. 0.7.9 running 'modules:final' at Thu, 08 Jun 2017 20:50:19 +0000. Up 14.24 seconds.
[   14.740373] cloud-init[1297]: ci-info: no authorized ssh keys fingerprints found for user ubuntu.
[[0;32m  OK  [0m] Started Execute cloud user/final scripts.
[   14.770446] cloud-init[1297]: Cloud-init v. 0.7.9 finished at Thu, 08 Jun 2017 20:50:19 +0000. Datasource DataSourceNoCloud [seed=/dev/sdb][dsmode=net].  Up 14.70 seconds
[[0;32m  OK  [0m] Reached target Cloud-init target.

Ubuntu 16.04.2 LTS ubuntu-xenial ttyS0

ubuntu-xenial login: [[0;32m  OK  [0m] Closed Load/Save RF Kill Switch Status /dev/rfkill Watch.
         Stopping User Manager for UID 1000...
         Stopping ACPI event daemon...
[[0;32m  OK  [0m] Stopped target Graphical Interface.          Stopping LSB: Record successful boot for GRUB...
         Stopping D-Bus System Message Bus...
         Stopping Unattended Upgrades Shutdown...
         Stopping OpenBSD Secure Shell server...
         Stopping LXD - container startup/shutdown...
         Stopping System Logging Service...
         Stopping Deferred execution scheduler...
         Stopping Regular background program processing daemon...
         Stopping LSB: daemon to balance interrupts for SMP systems...
         Stopping LSB: MD monitoring daemon...
         Stopping LSB: automatic crash report generation...
         Stopping LSB: VirtualBox Linux Additions...
[[0;32m  OK  [0m] Stopped Apply the settings specified in cloud-config.
[[0;32m  OK  [0m] Stopped target Cloud-config availability.
[[0;32m  OK  [0m] Stopped target Timers.
[[0;32m  OK  [0m] Stopped Timer to automatically refresh installed snaps.
[[0;32m  OK  [0m] Stopped Daily apt activities.
[[0;32m  OK  [0m] Stopped target System Time Synchronized.
[[0;32m  OK  [0m] Stopped Daily Cleanup of Temporary Directories.
[[0;32m  OK  [0m] Unmounted /var/lib/lxcfs.
[[0;32m  OK  [0m] Stopped Snappy daemon.
[[0;32m  OK  [0m] Stopped System Logging Service.
[[0;32m  OK  [0m] Stopped Accounts Service.
[[0;32m  OK  [0m] Stopped Regular background program processing daemon.
[[0;32m  OK  [0m] Stopped ACPI event daemon.
[[0;32m  OK  [0m] Stopped Deferred execution scheduler.
[[0;32m  OK  [0m] Stopped Authenticate and Authorize Users to Run Privileged Tasks.
[[0;32m  OK  [0m] Stopped Getty on tty1.
[[0;32m  OK  [0m] Stopped Serial Getty on ttyS0.
[[0;32m  OK  [0m] Stopped OpenBSD Secure Shell server.
[[0;32m  OK  [0m] Stopped User Manager for UID 1000.
[[0;32m  OK  [0m] Stopped Session 4 of user ubuntu.
[[0;32m  OK  [0m] Stopped D-Bus System Message Bus.
[[0;32m  OK  [0m] Stopped Unattended Upgrades Shutdown.
[[0;32m  OK  [0m] Stopped FUSE filesystem for LXC.
[[0;32m  OK  [0m] Stopped LSB: Set the CPU Frequency Scaling governor to "ondemand".
[[0;32m  OK  [0m] Stopped LSB: Record successful boot for GRUB.
[[0;32m  OK  [0m] Stopped LXD - container startup/shutdown.
[[0;32m  OK  [0m] Stopped LSB: daemon to balance interrupts for SMP systems.
[[0;32m  OK  [0m] Stopped LSB: MD monitoring daemon.
[[0;32m  OK  [0m] Stopped LSB: automatic crash report generation.
[[0;32m  OK  [0m] Stopped LSB: VirtualBox Linux Additions.
[[0;32m  OK  [0m] Removed slice User Slice of ubuntu.
         Stopping Login Service...
[[0;32m  OK  [0m] Removed slice system-serial\x2dgetty.slice.
[[0;32m  OK  [0m] Removed slice system-getty.slice.
[[0;32m  OK  [0m] Stopped /etc/rc.local Compatibility.
         Stopping Permit User Sessions...
[[0;32m  OK  [0m] Stopped Permit User Sessions.
[[0;32m  OK  [0m] Stopped target Remote File Systems.
[[0;32m  OK  [0m] Stopped target Remote File Systems (Pre).
         Stopping Login to default iSCSI targets...
[[0;32m  OK  [0m] Stopped Login Service.
[[0;32m  OK  [0m] Stopped target User and Group Name Lookups.
[[0;32m  OK  [0m] Stopped target Basic System.
[[0;32m  OK  [0m] Stopped target Slices.
[[0;32m  OK  [0m] Stopped target Paths.
[[0;32m  OK  [0m] Stopped ACPI Events Check.
[[0;32m  OK  [0m] Stopped Dispatch Password Requests to Console Directory Watch.
[[0;32m  OK  [0m] Stopped Forward Password Requests to Wall Directory Watch.
[[0;32m  OK  [0m] Stopped target Sockets.
[[0;32m  OK  [0m] Closed Socket activation for snappy daemon.
[[0;32m  OK  [0m] Closed Syslog Socket.
[[0;32m  OK  [0m] Closed ACPID Listen Socket.
[[0;32m  OK  [0m] Closed UUID daemon activation socket.
[[0;32m  OK  [0m] Closed LXD - unix socket.
[[0;32m  OK  [0m] Closed D-Bus System Message Bus Socket.
[[0;32m  OK  [0m] Stopped target System Initialization.
         Stopping Load/Save Random Seed...
[[0;32m  OK  [0m] Stopped Commit a transient machine-id on disk.
[[0;32m  OK  [0m] Stopped Create Volatile Files and Directories.
[[0;32m  OK  [0m] Stopped target Encrypted Volumes.
[[0;32m  OK  [0m] Stopped target Swap.
[[0;32m  OK  [0m] Removed slice User and Session Slice.
[[0;32m  OK  [0m] Stopped Load/Save Random Seed.
[[0;32m  OK  [0m] Stopped Login to default iSCSI targets.
         Stopping iSCSI initiator daemon (iscsid)...
[[0;32m  OK  [0m] Stopped iSCSI initiator daemon (iscsid).
[[0;32m  OK  [0m] Stopped target Network is Online.
[[0;32m  OK  [0m] Stopped Initial cloud-init job (metadata service crawler).
[[0;32m  OK  [0m] Stopped target Network.
         Stopping Raise network interfaces...
[[0;32m  OK  [0m] Stopped Raise network interfaces.
[[0;32m  OK  [0m] Stopped target Network (Pre).
[[0;32m  OK  [0m] Stopped Initial cloud-init job (pre-networking).
[[0;32m  OK  [0m] Stopped Apply Kernel Variables.
[[0;32m  OK  [0m] Stopped Load Kernel Modules.
[[0;32m  OK  [0m] Stopped target Local File Systems.
         Unmounting /run/user/1000...
         Unmounting /vagrant...
[[0;32m  OK  [0m] Unmounted /run/user/1000.
[[0;32m  OK  [0m] Unmounted /vagrant.
[[0;32m  OK  [0m] Reached target Unmount All Filesystems.
[[0;32m  OK  [0m] Stopped target Local File Systems (Pre).
[[0;32m  OK  [0m] Stopped Remount Root and Kernel File Systems.
         Stopping Monitoring of LVM2 mirrors... dmeventd or progress polling...
[[0;32m  OK  [0m] Stopped Create Static Device Nodes in /dev.
[[0;32m  OK  [0m] Reached target Shutdown.
[  706.702742] reboot: Power down
